1571157976758	mozrunner::runner	INFO	Running command: "C:\\Program Files\\Mozilla Firefox\\firefox.exe" "-marionette" "-foreground" "-no-remote" "-profile" "C:\\Users\\bratd\\AppData\\Local\\Temp\\rust_mozprofilexbD7fW"
1571157977817	addons.webextension.screenshots@mozilla.org	WARN	Loading extension 'screenshots@mozilla.org': Reading manifest: Invalid extension permission: mozillaAddons
1571157977817	addons.webextension.screenshots@mozilla.org	WARN	Loading extension 'screenshots@mozilla.org': Reading manifest: Invalid extension permission: telemetry
1571157977818	addons.webextension.screenshots@mozilla.org	WARN	Loading extension 'screenshots@mozilla.org': Reading manifest: Invalid extension permission: resource://pdf.js/
1571157977818	addons.webextension.screenshots@mozilla.org	WARN	Loading extension 'screenshots@mozilla.org': Reading manifest: Invalid extension permission: about:reader*
JavaScript error: resource://gre/modules/XULStore.jsm, line 66: Error: Can't find profile directory.
1571157979824	Marionette	INFO	Listening on port 63032
1571157980001	Marionette	WARN	TLS certificate errors will be ignored for this session
JavaScript error: https://cu-rds.s3.amazonaws.com/rds/1.0.3/rds-core-min.js, line 1: TypeError: s is null
[Child 9384, Chrome_ChildThread] WARNING: pipe error: 109: file z:/task_1570640083/build/src/ipc/chromium/src/chrome/common/ipc_channel_win.cc, line 341
[Child 9384, Chr[Child 9592, Chrome_ChildThread] WARNING: pipe error: 109: file z:/task_1570640083/build/src/ipc/chromium/src/chrome/common/ipc_channel_win.cc, line 341
[Child 9592,[Parent 4816, Gecko_IOThread] WARNING: pipe error: 109: file z:/task_1570640083/build/src/ipc/chromium/src/chrome/common/ipc_channel_win.cc, line 341
[Child 12824, Chrome_ChildThread] WARNING: pipe error: 109: file z:/task_1570640083/build/src/ipc/chromium/src/chrome/common/ipc_channel_win.cc, line 341
[Child 12824, Chro1571157992388	Marionette	INFO	Stopped listening on port 63032
[GPU 3308,
###!!! [Child][RunMessage] Error: Channel closing: too late to send/recv, messages will be lost

 
###!!! [Child][MessageChannel::SendAndWait] Error: Channel error: cannot send/recv

1571162639494	mozrunner::runner	INFO	Running command: "C:\\Program Files\\Mozilla Firefox\\firefox.exe" "-marionette" "-foreground" "-no-remote" "-profile" "C:\\Users\\bratd\\AppData\\Local\\Temp\\rust_mozprofile1IJ8wN"
1571162640589	addons.webextension.screenshots@mozilla.org	WARN	Loading extension 'screenshots@mozilla.org': Reading manifest: Invalid extension permission: mozillaAddons
1571162640589	addons.webextension.screenshots@mozilla.org	WARN	Loading extension 'screenshots@mozilla.org': Reading manifest: Invalid extension permission: telemetry
1571162640589	addons.webextension.screenshots@mozilla.org	WARN	Loading extension 'screenshots@mozilla.org': Reading manifest: Invalid extension permission: resource://pdf.js/
1571162640589	addons.webextension.screenshots@mozilla.org	WARN	Loading extension 'screenshots@mozilla.org': Reading manifest: Invalid extension permission: about:reader*
JavaScript error: resource://gre/modules/XULStore.jsm, line 66: Error: Can't find profile directory.
1571162642491	Marionette	INFO	Listening on port 64153
1571162642737	Marionette	WARN	TLS certificate errors will be ignored for this session
[Parent 14128, Gecko_IOThread] WARNING: pipe error: 109: file z:/task_1570640083/build/src/ipc/chromium/src/chrome/common/ipc_channel_win.cc, line 341
[Child 12740, Chrome_ChildThread] WARNING: pipe error: 109: file z:/task_1570640083/build/src/ipc/chromium/src/chrome/common/ipc_channel_win.cc, line 341
[Child 12740, Chrome_ChildT[Parent 14128, Gecko_IOThread] WARNING: pipe error: 109: file z:/task_1570640083/build/src/ipc/chromium/src/chrome/common/ipc_channel_win.cc, line 341
[Child 12296, Chrome_ChildThread] WARNING: pipe error: 109: file z:/task_1570640083/build/src/ipc/chromium/src/chrome/common/ipc_channel_win.cc, line 341
[Child 12296, Chrome_ChildThread] WAR[Parent 14128, Gecko_IOThread] WARNING: pipe error: 109: file z:/task_1570640083/build/src/ipc/chromium/src/chrome/common/ipc_channel_win.cc, line 341
[Child 12364, Chrome_ChildThread] WARNING: pipe error: 109: file z:/task_1570640083/build/src/ipc/chromium/src/chrome/common/ipc_channel_win.cc, line 341
[Child 12364, Chrom1571162693603	Marionette	INFO	Stopped listening on port 64153
[GPU 5
###!!! [Child][RunMessage] Error: Channel closing: too late to send/recv, [Child 15796, Chrome_ChildThread] WARNING: pipe error: 109: file z:/task_1570640083/build/src/ipc/chromium/src/chrome/common/ipc_channel_win.cc, line 341
[Child 15796, [Child 9308, Chrome_ChildThread] WARNING: pipe error: 109: file z:/task_1570640083/build/src/ipc/chromium/src/chrome/common/ipc_channel_win.cc, line 341
[Child 9308, Chro[Parent 4692, Gecko_IOThread] WARNING: pipe error: 109: file z:/task_1570640083/build/src/ipc/chromium/src/chrome/common/ipc_channel_win.cc, line 341
[Child 18236, Chrome_ChildThread] WARNING: pipe error: 109: file z:/task_1570640083/build/src/ipc/chromium/src/chrome/common/ipc_channel_win.cc, line 341
[Child1571162697727	Marionette	INFO	Stopped listening on port 64193
[GPU
###!!! [Child][RunMessage] Error: Channel closing: too late to send/recv, messages will be lost


###!!! [Child][MessageChannel::SendAndWait] Error: Channel error: cannot send/recv

1571162891353	mozrunner::runner	INFO	Running command: "C:\\Program Files\\Mozilla Firefox\\firefox.exe" "-marionette" "-foreground" "-no-remote" "-profile" "C:\\Users\\bratd\\AppData\\Local\\Temp\\rust_mozprofilea5iB8u"
1571162891921	addons.webextension.screenshots@mozilla.org	WARN	Loading extension 'screenshots@mozilla.org': Reading manifest: Invalid extension permission: mozillaAddons
1571162891921	addons.webextension.screenshots@mozilla.org	WARN	Loading extension 'screenshots@mozilla.org': Reading manifest: Invalid extension permission: telemetry
1571162891921	addons.webextension.screenshots@mozilla.org	WARN	Loading extension 'screenshots@mozilla.org': Reading manifest: Invalid extension permission: resource://pdf.js/
1571162891921	addons.webextension.screenshots@mozilla.org	WARN	Loading extension 'screenshots@mozilla.org': Reading manifest: Invalid extension permission: about:reader*
JavaScript error: resource://gre/modules/XULStore.jsm, line 66: Error: Can't find profile directory.
1571162894018	Marionette	INFO	Listening on port 64506
1571162894098	Marionette	WARN	TLS certificate errors will be ignored for this session
[Parent 11516, Gecko_IOThread] WARNING: pipe error: 109: file z:/task_1570640083/build/src/ipc/chromium/src/chrome/common/ipc_channel_win.cc, line 341
[Child 17212, Chrome_ChildThread] WARNING: pipe error: 109: file z:/task_1570640083/build/src/ipc/chromium/src/chrome/common/ipc_channel_win.cc, line 341
[Child 17212, Chrome_ChildTh[Parent 11516, Gecko_IOThread] WARNING: pipe error: 109: file z:/task_1570640083/build/src/ipc/chromium/src/chrome/common/ipc_channel_win.cc, line 341
[Child 8588, Chrome_ChildThread] WARNING: pipe error: 109: file z:/task_1570640083/build/src/ipc/chromium/src/chrome/common/ipc_channel_win.cc, line 341
[Child 8588,[Parent 11516, Gecko_IOThread] WARNING: pipe error: 109: file z:/task_1570640083/build/src/ipc/chromium/src/chrome/common/ipc_channel_win.cc, line 341
[Child 10544, Chrome_ChildThread] WARNING: pipe error: 109: file z:/task_1570640083/build/src/ipc/chromium/src/chrome/common/ipc_channel_win.cc, line 341
[Child 10544, Chrome_1571162911544	Marionette	INFO	Stopped listening on port 64506
[GPU 14388, 
###!!! [Child][MessageChannel::SendAndWait] Error: Channel error: cannot send/recv

ion
[Parent 2512, Gecko_IOThread] WARNING: pipe error: 109: file z:/task_1570640083/build/src/ipc/chromium/src/chrome/common/ipc_channel_win.cc, line 341
[Child 15676, Chrome_ChildThread] WARNING: pipe error: 109: file z:/task_1570640083/build/src/ipc/chromium/src/chrome/common/ipc_channel_win.cc, line 341
[Child 15676, Chr[Parent 2512, Gecko_IOThread] WARNING: pipe error: 109: file z:/task_1570640083/build/src/ipc/chromium/src/chrome/common/ipc_channel_win.cc, line 341
[Child 410[Parent 2512, Gecko_IOThread] WARNING: pipe error: 109: file z:/task_1570640083/build/src/ipc/chromium/src/chrome/common/ipc_channel_win.cc, line 341
[Child 11116, Chrome_ChildThread] WARNING: pipe error: 109: file z:/task_1570640083/build/src/ipc/chromium/src/chrome/common/ipc_channel_win.cc, line 341
[Child 11116, Chrom1571162904295	Marionette	INFO	Stopped listening on port 64555
[GPU 12
###!!! [Child][RunMessage] Error: Channel closing: too late to send/recv, messages will be lost

7
###!!! [Child][MessageChannel::SendAndWait] Error: Channel error: cannot send/recv

1571163262263	mozrunner::runner	INFO	Running command: "C:\\Program Files\\Mozilla Firefox\\firefox.exe" "-marionette" "-foreground" "-no-remote" "-profile" "C:\\Users\\bratd\\AppData\\Local\\Temp\\rust_mozprofileHSVT6q"
1571163262816	addons.webextension.screenshots@mozilla.org	WARN	Loading extension 'screenshots@mozilla.org': Reading manifest: Invalid extension permission: mozillaAddons
1571163262817	addons.webextension.screenshots@mozilla.org	WARN	Loading extension 'screenshots@mozilla.org': Reading manifest: Invalid extension permission: telemetry
1571163262817	addons.webextension.screenshots@mozilla.org	WARN	Loading extension 'screenshots@mozilla.org': Reading manifest: Invalid extension permission: resource://pdf.js/
1571163262817	addons.webextension.screenshots@mozilla.org	WARN	Loading extension 'screenshots@mozilla.org': Reading manifest: Invalid extension permission: about:reader*
JavaScript error: resource://gre/modules/XULStore.jsm, line 66: Error: Can't find profile directory.
1571163264839	Marionette	INFO	Listening on port 64975
1571163264999	Marionette	WARN	TLS certificate errors will be ignored for this session
[Parent 3720, Gecko_IOThread] WARNING: pipe error: 109: file z:/task_1570640083/build/src/ipc/chromium/src/chrome/common/ipc_channel_win.cc, line 341
[Child 4240, Chrome_ChildThread] WARNING: pipe error: 109: file z:/task_1570640083/build/src/ipc/chromium/src/chrome/common/ipc_channel_win.cc, line 341
[Child 4240, Chrome_Chi[Child 9812, Chrome_ChildThread] WARNING: pipe error: 109: file z:/task_1570640083/build/src/ipc/chromium/src/chrome/common/ipc_channel_win.cc, line 341
[Child 9812, Chrome_C[Parent 3720, Gecko_IOThread] WARNING: pipe error: 109: file z:/task_1570640083/build/src/ipc/chromium/src/chrome/common/ipc_channel_win.cc, line 341
[Child 600, Chrome_ChildThread] WARNING: pipe error: 109: file z:/task_1570640083/build/src/ipc/chromium/src/chrome/common/ipc_channel_win.cc, line 341
[Child 600, Chr1571163281430	Marionette	INFO	Stopped listening on port 64975

###!!! [Child][RunMessage] Error: Channel closing: too late to send/recv, messages will be lost

[GP
###!!! [Child][MessageChannel::SendAndWait] Error: Channel error: cannot send/recv

1571163426327	mozrunner::runner	INFO	Running command: "C:\\Program Files\\Mozilla Firefox\\firefox.exe" "-marionette" "-foreground" "-no-remote" "-profile" "C:\\Users\\bratd\\AppData\\Local\\Temp\\rust_mozprofilekYjGt0"
1571163426867	addons.webextension.screenshots@mozilla.org	WARN	Loading extension 'screenshots@mozilla.org': Reading manifest: Invalid extension permission: mozillaAddons
1571163426868	addons.webextension.screenshots@mozilla.org	WARN	Loading extension 'screenshots@mozilla.org': Reading manifest: Invalid extension permission: telemetry
1571163426868	addons.webextension.screenshots@mozilla.org	WARN	Loading extension 'screenshots@mozilla.org': Reading manifest: Invalid extension permission: resource://pdf.js/
1571163426868	addons.webextension.screenshots@mozilla.org	WARN	Loading extension 'screenshots@mozilla.org': Reading manifest: Invalid extension permission: about:reader*
JavaScript error: resource://gre/modules/XULStore.jsm, line 66: Error: Can't find profile directory.
1571163428674	Marionette	INFO	Listening on port 65211
1571163429067	Marionette	WARN	TLS certificate errors will be ignored for this session
IPDL protocol error: Handler returned error code!

###!!! [Parent][DispatchAsyncMessage] Error: PLayerTransaction::Msg_ReleaseLayer Processing error: message was deserialized, but the handler returned false (indicating failure)

IPDL protocol error: Handler returned error code!

###!!! [Parent][DispatchAsyncMessage] Error: PLayerTransaction::Msg_ReleaseLayer Processing error: message was deserialized, but the handler returned false (indicating failure)

IPDL protocol error: Handler returned error code!

###!!! [Parent][DispatchAsyncMessage] Error: PLayerTransaction::Msg_ReleaseLayer Processing error: message was deserialized, but the handler returned false (indicating failure)

IPDL protocol error: Handler returned error code!

###!!! [Parent][DispatchAsyncMessage] Error: PLayerTransaction::Msg_ReleaseLayer Processing error: message was deserialized, but the handler returned false (indicating failure)

IPDL protocol error: Handler returned error code!

###!!! [Parent][DispatchAsyncMessage] Error: PLayerTransaction::Msg_ReleaseLayer Processing error: message was deserialized, but the handler returned false (indicating failure)

IPDL protocol error: Handler returned error code!

###!!! [Parent][DispatchAsyncMessage] Error: PLayerTransaction::Msg_ReleaseLayer Processing error: message was deserialized, but the handler returned false (indicating failure)

IPDL protocol error: Handler returned error code!

###!!! [Parent][DispatchAsyncMessage] Error: PLayerTransaction::Msg_ReleaseLayer Processing error: message was deserialized, but the handler returned false (indicating failure)

IPDL protocol error: Handler returned error code!

###!!! [Parent][DispatchAsyncMessage] Error: PLayerTransaction::Msg_ReleaseLayer Processing error: message was deserialized, but the handler returned false (indicating failure)

IPDL protocol error: Handler returned error code!

###!!! [Parent][DispatchAsyncMessage] Error: PLayerTransaction::Msg_ReleaseLayer Processing error: message was deserialized, but the handler returned false (indicating failure)

IPDL protocol error: Handler returned error code!

###!!! [Parent][DispatchAsyncMessage] Error: PLayerTransaction::Msg_ReleaseLayer Processing error: message was deserialized, but the handler returned false (indicating failure)

IPDL protocol error: Handler returned error code!

###!!! [Parent][DispatchAsyncMessage] Error: PLayerTransaction::Msg_ReleaseLayer Processing error: message was deserialized, but the handler returned false (indicating failure)

IPDL protocol error: Handler returned error code!

###!!! [Parent][DispatchAsyncMessage] Error: PLayerTransaction::Msg_ReleaseLayer Processing error: message was deserialized, but the handler returned false (indicating failure)

IPDL protocol error: Handler returned error code!

###!!! [Parent][DispatchAsyncMessage] Error: PLayerTransaction::Msg_ReleaseLayer Processing error: message was deserialized, but the handler returned false (indicating failure)

IPDL protocol error: Handler returned error code!

###!!! [Parent][DispatchAsyncMessage] Error: PLayerTransaction::Msg_ReleaseLayer Processing error: message was deserialized, but the handler returned false (indicating failure)

IPDL protocol error: Handler returned error code!

###!!! [Parent][DispatchAsyncMessage] Error: PLayerTransaction::Msg_ReleaseLayer Processing error: message was deserialized, but the handler returned false (indicating failure)

IPDL protocol error: Handler returned error code!

###!!! [Parent][DispatchAsyncMessage] Error: PLayerTransaction::Msg_ReleaseLayer Processing error: message was deserialized, but the handler returned false (indicating failure)

IPDL protocol error: Handler returned error code!

###!!! [Parent][DispatchAsyncMessage] Error: PLayerTransaction::Msg_ReleaseLayer Processing error: message was deserialized, but the handler returned false (indicating failure)

IPDL protocol error: Handler returned error code!

###!!! [Parent][DispatchAsyncMessage] Error: PLayerTransaction::Msg_ReleaseLayer Processing error: message was deserialized, but the handler returned false (indicating failure)

IPDL protocol error: Handler returned error code!

###!!! [Parent][DispatchAsyncMessage] Error: PLayerTransaction::Msg_ReleaseLayer Processing error: message was deserialized, but the handler returned false (indicating failure)

IPDL protocol error: Handler returned error code!

###!!! [Parent][DispatchAsyncMessage] Error: PLayerTransaction::Msg_ReleaseLayer Processing error: message was deserialized, but the handler returned false (indicating failure)

IPDL protocol error: Handler returned error code!

###!!! [Parent][DispatchAsyncMessage] Error: PLayerTransaction::Msg_ReleaseLayer Processing error: message was deserialized, but the handler returned false (indicating failure)

IPDL protocol error: Handler returned error code!

###!!! [Parent][DispatchAsyncMessage] Error: PLayerTransaction::Msg_ReleaseLayer Processing error: message was deserialized, but the handler returned false (indicating failure)

IPDL protocol error: Handler returned error code!

###!!! [Parent][DispatchAsyncMessage] Error: PLayerTransaction::Msg_ReleaseLayer Processing error: message was deserialized, but the handler returned false (indicating failure)

[Parent 2184, Gecko_IOThread] WARNING: pipe error: 109: file z:/task_1570640083/build/src/ipc/chromium/src/chrome/common/ipc_channel_win.cc, line 341
[Child 11588, Chrome_ChildThread] WARNING: pipe error: 109: file z:/task_157064[Parent 2184, Gecko_IOThread] WARNING: p0083/buiipe error: 109: file z:/task_1570640083/build/src/ipc/chromld/src/ipcium/sr/chromium/src/chrome/common/ic/chrome/common/ipc_channel_win.cc, line 341
pc_channel_win.cc, line 341
[Child 11588, Chrome[Child 10060, Chrome_ChildThread] WARNING: pipe error: 109: file z:/task_1570640083/build/src/ipc/chromium/src/chrome/common/ipc_channel_win.cc, line 341
[Child 10060, Chrome_[Child 9676, Chrome_ChildThread] WARNING: pipe error: 109: file z:/task_1570640083/build/src/ipc/chromium/src/chrome/common/ipc_channel_win.cc, line 341
[Child 9671571163466798	Marionette	INFO	Stopped listening on port 65211
[GPU 
###!!! [Child][RunMessage] Error: Channel closing: too late to send/recv, messages will be lost


###!!! [Child][MessageChannel::SendAndWait] Error: Channel error: cannot send/recv

1571163499584	mozrunner::runner	INFO	Running command: "C:\\Program Files\\Mozilla Firefox\\firefox.exe" "-marionette" "-foreground" "-no-remote" "-profile" "C:\\Users\\bratd\\AppData\\Local\\Temp\\rust_mozprofileTD6ku8"
1571163500134	addons.webextension.screenshots@mozilla.org	WARN	Loading extension 'screenshots@mozilla.org': Reading manifest: Invalid extension permission: mozillaAddons
1571163500135	addons.webextension.screenshots@mozilla.org	WARN	Loading extension 'screenshots@mozilla.org': Reading manifest: Invalid extension permission: telemetry
1571163500135	addons.webextension.screenshots@mozilla.org	WARN	Loading extension 'screenshots@mozilla.org': Reading manifest: Invalid extension permission: resource://pdf.js/
1571163500135	addons.webextension.screenshots@mozilla.org	WARN	Loading extension 'screenshots@mozilla.org': Reading manifest: Invalid extension permission: about:reader*
JavaScript error: resource://gre/modules/XULStore.jsm, line 66: Error: Can't find profile directory.
1571163501979	Marionette	INFO	Listening on port 65406
1571163502327	Marionette	WARN	TLS certificate errors will be ignored for this session
[Parent 520, Gecko_IOThread] WARNING: pipe error: 109: file z:/task_1570640083/build/src/ipc/chromium/src/chrome/common/ipc_channel_win.cc, line 341
[Child 17008, Chrome_ChildThread] WARNING: pipe error: 109: file z:/task_1570640083/build/src/ipc/chromium/src/chrome/commo[Parent 5n2/0, ipcGecko_IOThr_channelead] WARN_win.cc, lineING: pipe error: 109: file z:/task_1570640083 341
/build/src/ipc/c[Chrhildomiu m17008,/src/chrome/common/ipc_channel_win.cc, line 341
[Child 7136, Chrome_ChildThread] WARNING: pipe error: 109: file z:/task_1570640083/build/src/ipc/chromium/src/chrome/common/ipc_channel_win.cc, line 341
[Child 71[Parent 520, Gecko_IOThread] WARNING: pipe error: 109: file z:/task_1570640083/build/src/ipc/chromium/src/chrome/common/ipc_channel_win.cc, line 341
[Child 6232, Chrome_ChildThread] WARNING: pipe error: 109: file z:/task_1570640083/build/src/ipc/chromium/src/chrome/common/ipc_channel_win.cc, line 341
[Child 6232, Chrom1571163515546	Marionette	INFO	Stopped listening on port 65406
[GPU
###!!! [Child][RunMessage] Error: Channel closing: too late to send/recv, messages will be lost


###!!! [Child][MessageChannel::SendAndWait] Error: Channel error: cannot send/recv

rds-core-min.js, line 1: TypeError: s is null
IPDL protocol error: Handler returned error code!

###!!! [Parent][DispatchAsyncMessage] Error: PLayerTransaction::Msg_ReleaseLayer Processing error: message was deserialized, but the handler returned false (indicating failure)

IPDL protocol error: Handler returned error code!

###!!! [Parent][DispatchAsyncMessage] Error: PLayerTransaction::Msg_ReleaseLayer Processing error: message was deserialized, but the handler returned false (indicating failure)

IPDL protocol error: Handler returned error code!

###!!! [Parent][DispatchAsyncMessage] Error: PLayerTransaction::Msg_ReleaseLayer Processing error: message was deserialized, but the handler returned false (indicating failure)

IPDL protocol error: Handler returned error code!

###!!! [Parent][DispatchAsyncMessage] Error: PLayerTransaction::Msg_ReleaseLayer Processing error: message was deserialized, but the handler returned false (indicating failure)

IPDL protocol error: Handler returned error code!

###!!! [Parent][DispatchAsyncMessage] Error: PLayerTransaction::Msg_ReleaseLayer Processing error: message was deserialized, but the handler returned false (indicating failure)

IPDL protocol error: Handler returned error code!

###!!! [Parent][DispatchAsyncMessage] Error: PLayerTransaction::Msg_ReleaseLayer Processing error: message was deserialized, but the handler returned false (indicating failure)

IPDL protocol error: Handler returned error code!

###!!! [Parent][DispatchAsyncMessage] Error: PLayerTransaction::Msg_ReleaseLayer Processing error: message was deserialized, but the handler returned false (indicating failure)

[Parent 10632, Gecko_IOThread] WARNING: pipe error: 109: file z:/task_1570640083/build/src/ipc/chromium/src/chrome/common/ipc_channel_win.cc, line 341
[Parent 10632, Gecko_IOThread] WARNING: pipe error: 109: file z:/task_1570640083/build/src/ipc/chromium/src/chrome/common/ipc_channel_win.cc, line 341
[Child 10288, Chrome_ChildThread] WARNING: pipe error: 109: file z:/task_1570640083/build/src/ipc/chromium/src/chrome/common/ipc_channel_win.cc, line 341
[Child 10288, Chr[Child 2512, Chrome_ChildThread] WARNING: pipe error: 109: file z:/task_1570640083/build/src/ipc/chromium/src/chrome/common/ipc_channel_win.cc, line 341
[Child 2512, Chrome_Chi[Parent 10632, Gecko_IOThread] WARNING: pipe error: 109: file z:/task_1570640083/build/src/ipc/chromium/src/chrome/common/ipc_channel_win.cc, line 341
[Child 7420, Chrome_ChildThread] WARNING: pipe error: 109: file z:/task_1570640083/build/src/ipc/chromium/src/chrome/common/ipc_channel_win.cc, line 341
[Child 7420, C1571163572515	Marionette	INFO	Stopped listening on port 65487
[GPU 140
###!!! [Child][MessageChannel::SendAndWait] Error: Channel error: cannot send/recv

1571163822587	mozrunner::runner	INFO	Running command: "C:\\Program Files\\Mozilla Firefox\\firefox.exe" "-marionette" "-foreground" "-no-remote" "-profile" "C:\\Users\\bratd\\AppData\\Local\\Temp\\rust_mozprofileCvDNhp"
1571163823135	addons.webextension.screenshots@mozilla.org	WARN	Loading extension 'screenshots@mozilla.org': Reading manifest: Invalid extension permission: mozillaAddons
1571163823135	addons.webextension.screenshots@mozilla.org	WARN	Loading extension 'screenshots@mozilla.org': Reading manifest: Invalid extension permission: telemetry
1571163823135	addons.webextension.screenshots@mozilla.org	WARN	Loading extension 'screenshots@mozilla.org': Reading manifest: Invalid extension permission: resource://pdf.js/
1571163823135	addons.webextension.screenshots@mozilla.org	WARN	Loading extension 'screenshots@mozilla.org': Reading manifest: Invalid extension permission: about:reader*
JavaScript error: resource://gre/modules/XULStore.jsm, line 66: Error: Can't find profile directory.
1571163824970	Marionette	INFO	Listening on port 49442
1571163825326	Marionette	WARN	TLS certificate errors will be ignored for this session
[Parent 6988, Gecko_IOThread] WARNING: pipe error: 109: file z:/task_1570640083/build/src/ipc/chromium/src/chrome/common/ipc_channel_win.cc, line 341
[Child 12100, Chrome_ChildThread] WARNING: pipe error: 109: file z:/task_1570640083/build/src/ipc/chromium/src/chrome/common/ipc_channel_win.cc, line 341
[Child 12100, Chro[Parent 6988, Gecko_IOThread] WARNING: pipe error: 109: file z:/task_1570640083/build/src/ipc/chromium/src/chrome/common/ipc_channel_win.cc, line 341
[Child 7356, Chrome_ChildThread] WARNING: pipe error: 109: file z:/task_1570640083/build/src/ipc/chromium/src/chrome/common/ipc_channel_win.cc, line 341
[Child 7356, Chrome_C1571163855369	Marionette	INFO	Stopped listening on port 49442
[GPU 
###!!! [Child][MessageChannel::SendAndWait] Error: Channel error: cannot send/recv

xtension 'screenshots@mozilla.org': Reading manifest: Invalid extension permission: about:reader*
JavaScript error: resource://gre/modules/XULStore.jsm, line 66: Error: Can't find profile directory.
1571163834731	Marionette	INFO	Listening on port 49523
1571163835058	Marionette	WARN	TLS certificate errors will be ignored for this session
JavaScript error: https://cu-rds.s3.amazonaws.com/rds/1.0.3/rds-core-min.js, line 1: TypeError: s is null
[Child 16812, Chrome_ChildThread] WARNING: pipe error: 109: file z:/task_1570640083/build/src/ipc/chromium/src/chrome/common/ipc_channel_win.cc, line 341
[Child 16812,[Parent 9640, Gecko_IOThread] WARNING: pipe error: 109: file z:/task_1570640083/build/src/ipc/chromium/src/chrome/common/ipc_channel_win.cc, line 341
[Child 18236, Chrome_ChildThread] WARNING: pipe error: 109: file z:/task_1570640083/build/src/ipc/chromium/src/chrome/common/ipc_channel_win.cc, line 341
[Child 18236, C1571163849670	Marionette	INFO	Stopped listening on port 49523
[GPU 1
###!!! [Child][MessageChannel::SendAndWait] Error: Channel error: cannot send/recv

1571164191384	mozrunner::runner	INFO	Running command: "C:\\Program Files\\Mozilla Firefox\\firefox.exe" "-marionette" "-foreground" "-no-remote" "-profile" "C:\\Users\\bratd\\AppData\\Local\\Temp\\rust_mozprofilex0zPlV"
1571164191946	addons.webextension.screenshots@mozilla.org	WARN	Loading extension 'screenshots@mozilla.org': Reading manifest: Invalid extension permission: mozillaAddons
1571164191946	addons.webextension.screenshots@mozilla.org	WARN	Loading extension 'screenshots@mozilla.org': Reading manifest: Invalid extension permission: telemetry
1571164191946	addons.webextension.screenshots@mozilla.org	WARN	Loading extension 'screenshots@mozilla.org': Reading manifest: Invalid extension permission: resource://pdf.js/
1571164191946	addons.webextension.screenshots@mozilla.org	WARN	Loading extension 'screenshots@mozilla.org': Reading manifest: Invalid extension permission: about:reader*
JavaScript error: resource://gre/modules/XULStore.jsm, line 66: Error: Can't find profile directory.
1571164193858	Marionette	INFO	Listening on port 49937
1571164194132	Marionette	WARN	TLS certificate errors will be ignored for this session
JavaScript error: https://cu-rds.s3.amazonaws.com/rds/1.0.3/rds-core-min.js, line 1: TypeError: s is null
[Child 17084, Chrome_ChildThread] WARNING: pipe error: 109: file z:/task_1570640083/build/src/ipc/chromium/src/chrome/common/ipc_channel_win.cc, line 341
[Child 17084, Ch[Child 13728, Chrome_ChildThread] WARNING: pipe error: 109: file z:/task_1570640083/build/src/ipc/chromium/src/chrome/common/ipc_channel_win.cc, line 341
[Child 13728, Chrome_Ch[Parent 9228, Gecko_IOThread] WARNING: pipe error: 109: file z:/task_1570640083/build/src/ipc/chromium/src/chrome/common/ipc_channel_win.cc, line 341
[Child 16704, Chrome_ChildThread] WARNING: pipe error: 109: file z:/task_1570640083/build/src/ipc/chromium/src/chrome/common/ipc_channel_win.cc, line 341
[Child 16704,1571164204148	Marionette	INFO	Stopped listening on port 49937

###!!! [Child][RunMessage] Error: Channel closing: too late to send/recv, messages will be lost

[
###!!! [Child][MessageChannel::SendAndWait] Error: Channel error: cannJavaScript error: resource://gre/modules/XULStore.jsm, line 66: Error: Can't find profile directory.
1571164205553	Marionette	INFO	Listening on port 50006
1571164205813	Marionette	WARN	TLS certificate errors will be ignored for this session
[Parent 3344, Gecko_IOThread] WARNING: pipe error: 109: file z:/task_1570640083/build/src/ipc/chromium/src/chrome/common/ipc_channel_win.cc, line 341
[Child 13772, Chrome_ChildThread] WARNING: pipe error: 109: file z:/task_1570640083/build/src/ipc/chromium/src/chrome/common/ipc_channel_win.cc, line 341
[Child 13772, Chrome[Child 17548, Chrome_ChildThread] WARNING: pipe error: 109: file z:/task_1570640083/build/src/ipc/chromium/src/chrome/common/ipc_channel_win.cc, line 341
[Child 175[Parent 3344, Gecko_IOThread] WARNING: pipe error: 109: file z:/task_1570640083/build/src/ipc/chromium/src/chrome/common/ipc_channel_win.cc, line 341
[Child 7156, Chrome_ChildThread] WARNING: pipe error: 109: file z:/task_1570640083/build/src/ipc/chromium/src/chrome/common/ipc_channel_win.cc, line 341
[Child 7156, Chrome1571164225587	Marionette	INFO	Stopped listening on port 50006
[GPU 4800,
###!!! [Child][RunMessage] Error: Channel closing: too late to send/recv, messages will be lost


###!!! [Child][MessageChannel::SendAndWait] Error: Channel error: cannot send/recv

1574990938153	mozrunner::runner	INFO	Running command: "C:\\Program Files\\Mozilla Firefox\\firefox.exe" "-marionette" "-foreground" "-no-remote" "-profile" "C:\\Users\\bratd\\AppData\\Local\\Temp\\rust_mozprofile5Aavyj"
1574990938739	addons.webextension.screenshots@mozilla.org	WARN	Loading extension 'screenshots@mozilla.org': Reading manifest: Invalid extension permission: mozillaAddons
1574990938739	addons.webextension.screenshots@mozilla.org	WARN	Loading extension 'screenshots@mozilla.org': Reading manifest: Invalid extension permission: telemetry
1574990938739	addons.webextension.screenshots@mozilla.org	WARN	Loading extension 'screenshots@mozilla.org': Reading manifest: Invalid extension permission: resource://pdf.js/
1574990938739	addons.webextension.screenshots@mozilla.org	WARN	Loading extension 'screenshots@mozilla.org': Reading manifest: Invalid extension permission: about:reader*
JavaScript error: resource://gre/modules/XULStore.jsm, line 66: Error: Can't find profile directory.
1574990940681	Marionette	INFO	Listening on port 60215
1574990940900	Marionette	WARN	TLS certificate errors will be ignored for this session
[Child 21296, Chrome_ChildThread] WARNING: pipe error: 109: file z:/task_1572401533/build/src/ipc/chromium/src/chrome/common/ipc_channel_win.cc, line 341
[Child 21296, Chr[Child 24124, Chrome_ChildThread] WARNING: pipe error: 109: file z:/task_1572401533/build/src/ipc/chromium/src/chrome/common/ipc_channel_win.cc, line 341
[Child 24[Child 15832, Chrome_ChildThread] WARNING: pipe error: 109: file z:/task_1572401533/build/src/ipc/chromium/src/chrome/common/ipc_channel_win.cc, line 341
[Child 15832,1574990952404	Marionette	INFO	Stopped listening on port 60215

###!!! [Child][RunMessage] Error: Channel closing: too late to send/recv, messages will be lost

[GPU 16
###!!! [Child][MessageChannel::SendAndWait] Error: Channel error: cannot send/recv

sion.screenshots@mozilla.org	WARN	Loading extension 'screenshots@mozilla.org': Reading manifest: Invalid extension permission: about:reader*
JavaScript error: resource://gre/modules/XULStore.jsm, line 66: Error: Can't find profile directory.
1574990949953	Marionette	INFO	Listening on port 60282
1574990950103	Marionette	WARN	TLS certificate errors will be ignored for this session
JavaScript error: https://cu-rds.s3.amazonaws.com/rds/1.0.3/rds-core-min.js, line 1: TypeError: s is null
SourceActor threw an exception: [Exception... "Failed to open input source 'file:///'"  nsresult: "0x80004005 (NS_ERROR_FAILURE)"  location: "JS frame :: resource://devtools/shared/DevToolsUtils.js :: mainThreadFetch/< :: line 678"  data: yes]
Stack: mainThreadFetch/<@resource://devtools/shared/DevToolsUtils.js:678:15
mainThreadFetch@resource://devtools/shared/DevToolsUtils.js:530:10
_fetchURLContents@resource://devtools/server/actors/utils/TabSources.js:580:22
urlContents@resource://devtools/server/actors/utils/TabSources.js:547:17
_resurrectSource@resource://devtools/server/actors/thread.js:2033:69
addAllSources@resource://devtools/server/actors/thread.js:1334:14
onSources@resource://devtools/server/actors/thread.js:1340:10
onPacket@resource://devtools/server/debugger-server-connection.js:378:58
receiveMessage@resource://devtools/shared/transport/child-transport.js:66:16
Line: 678, column: 0
console.error: ({})
JavaScript error: resource://devtools/shared/DevToolsUtils.js, line 678: NS_ERROR_FAILURE: Failed to open input source 'file:///'
[Parent 16996, Gecko_IOThread] WARNING: pipe error: 109: file z:/task_1572401533/build/src/ipc/chromium/src/chrome/common/ipc_channel_win.cc, line 341
[Parent 16996, Gecko_IOThread] WARNING: pipe error: 109: file z:/task_1572401533/build/src/ipc/chromium/src/chrome/common/ipc_channel_win.cc, line 341
[Child 20336, Chrome_ChildThread] WARNING: pipe error: 109: file z:/task_1572401533/build/src/ipc/chromium/src/chrome/common/ipc_channel_win.cc, line 3[4C1h
ild 3420, Chrome_ChildThread] WARNING: pipe error: 109: file z:/task_1572401533/build/src/ipc/chromi[um/src/chromeC/hciolmd 5500, Chrome_ChildThread] WARNING: pipe error: 109: file z:/task_1572401533/build/msornc/ip/c/chromium/src/chrome/common/ipc_channel_win.cc, line 341i
pc_channel_win.c[Child 5500, Cc, line 341
[Child 3420, Chrom[Child 12148, Chrome_ChildThread] WARNING: pipe error: 109: file z:/task_1572401533/build/src/ipc/chromium/src/chrome/common/ipc_channel_win.cc, line 341
[Child 12148,1574991548214	Marionette	INFO	Stopped listening on port 60282

###!!! [Child][RunMessage] Error: Channel closing: too late to send/recv, messages will be lost

[GPU
###!!! [Child][MessageChannel::SendAndWait] Error: Channel error: cannot send/recv

1574991874326	mozrunner::runner	INFO	Running command: "C:\\Program Files\\Mozilla Firefox\\firefox.exe" "-marionette" "-foreground" "-no-remote" "-profile" "C:\\Users\\bratd\\AppData\\Local\\Temp\\rust_mozprofilewtbecx"
1574991874879	addons.webextension.screenshots@mozilla.org	WARN	Loading extension 'screenshots@mozilla.org': Reading manifest: Invalid extension permission: mozillaAddons
1574991874879	addons.webextension.screenshots@mozilla.org	WARN	Loading extension 'screenshots@mozilla.org': Reading manifest: Invalid extension permission: telemetry
1574991874879	addons.webextension.screenshots@mozilla.org	WARN	Loading extension 'screenshots@mozilla.org': Reading manifest: Invalid extension permission: resource://pdf.js/
1574991874879	addons.webextension.screenshots@mozilla.org	WARN	Loading extension 'screenshots@mozilla.org': Reading manifest: Invalid extension permission: about:reader*
JavaScript error: resource://gre/modules/XULStore.jsm, line 66: Error: Can't find profile directory.
1574991876763	Marionette	INFO	Listening on port 60681
1574991877072	Marionette	WARN	TLS certificate errors will be ignored for this session
[Child 20200, Chrome_ChildThread] WARNING: pipe error: 109: file z:/task_1572401533/build/src/ipc/chromium/src/chrome/common/ipc_channel_win.cc, line 341
[Child 20200, Chro[Child 22460, Chrome_ChildThread] WARNING: pipe error: 109: file z:/task_1572401533/build/src/ipc/chromium/src/chrome/common/ipc_channel_win.cc, line 341
[Child 22460[Parent 14944, Gecko_IOThread] WARNING: pipe error: 109: file z:/task_1572401533/build/src/ipc/chromium/src/chrome/common/ipc_channel_win.cc, line 341
[Child 15300, Chrome_ChildThread] WARNING: pipe error: 109: file z:/task_1572401533/build/src/ipc/chromium/src/chrome/common/ipc_channel_win.cc, line 341
[Child 153001574991901478	Marionette	INFO	Stopped listening on port 60681

###!!! [Child][RunMessage] Error: Channel closing: too late to send/recv, messages will be lost

[GPU 13948, 
###!!! [Child][MessageChannel::SendAndWait] Error: Channel error: cannot send/recv

resource://gre/modules/XULStore.jsm, line 66: Error: Can't find profile directory.
1574991887038	Marionette	INFO	Listening on port 60750
1574991887537	Marionette	WARN	TLS certificate errors will be ignored for this session
JavaScript error: https://cu-rds.s3.amazonaws.com/rds/1.0.3/rds-core-min.js, line 1: TypeError: s is null
[[Parent 21304, Gecko_IOThread] WARNING: pipe error: 109: file z:/task_1572401533/build/src/ipc/chromium/src/chrome/common/ipc_channel_win.cc, line 341
[Child 7792, Chrome_ChildThread] WARNING: pipe error: 109: file z:/task_1572401533/build/src/ipc/chromium/src/chrome/common/ipc_channel_win.cc, line 341
[Child 7792, Chrome_1574991900746	Marionette	INFO	Stopped listening on port 60750
[G
###!!! [Child][MessageChannel::SendAndWait] Error: Channel error: cannot send/recv

1574991956917	mozrunner::runner	INFO	Running command: "C:\\Program Files\\Mozilla Firefox\\firefox.exe" "-marionette" "-foreground" "-no-remote" "-profile" "C:\\Users\\bratd\\AppData\\Local\\Temp\\rust_mozprofileYAQ5zc"
1574991957550	addons.webextension.screenshots@mozilla.org	WARN	Loading extension 'screenshots@mozilla.org': Reading manifest: Invalid extension permission: mozillaAddons
1574991957550	addons.webextension.screenshots@mozilla.org	WARN	Loading extension 'screenshots@mozilla.org': Reading manifest: Invalid extension permission: telemetry
1574991957551	addons.webextension.screenshots@mozilla.org	WARN	Loading extension 'screenshots@mozilla.org': Reading manifest: Invalid extension permission: resource://pdf.js/
1574991957551	addons.webextension.screenshots@mozilla.org	WARN	Loading extension 'screenshots@mozilla.org': Reading manifest: Invalid extension permission: about:reader*
JavaScript error: resource://gre/modules/XULStore.jsm, line 66: Error: Can't find profile directory.
1574991959477	Marionette	INFO	Listening on port 60859
1574991959665	Marionette	WARN	TLS certificate errors will be ignored for this session
JavaScript error: resource://gre/modules/XULStore.jsm, line 66: Error: Can't find profile directory.
[Child 24216, Chrome_ChildThread] WARNING: pipe error: 109: file z:/task_1572401533/build/src/ipc/chromium/src/chrome/common/ipc_channel_win.cc, line 341
[Child 24216, Chrome_Chi[Parent 21140, Gecko_IOThread] WARNING: pipe error: 109: file z:/task_1572401533/build/src/ipc/chromium/src/chrome/common/ipc_channel_win.cc, line 341
[Child 20528, Chrome_ChildThread] WARNING: pipe error: 109: file z:/task_1572401533/build/src/ipc/chromium/src/chrome/common/ipc_channel_win.cc, line 341
[Child 20528, Chrome_C1574991961429	Marionette	INFO	Stopped listening on port 60859
[GPU
###!!! [Child][RunMessage] Error: Channel closing: too late to send/recv, messages will be lost

 
###!!! [Child][MessageChannel::SendAndWait] Error: Channel error: cannot send/recv

1574992002406	mozrunner::runner	INFO	Running command: "C:\\Program Files\\Mozilla Firefox\\firefox.exe" "-marionette" "-foreground" "-no-remote" "-profile" "C:\\Users\\bratd\\AppData\\Local\\Temp\\rust_mozprofileHBIVfS"
1574992002936	addons.webextension.screenshots@mozilla.org	WARN	Loading extension 'screenshots@mozilla.org': Reading manifest: Invalid extension permission: mozillaAddons
1574992002936	addons.webextension.screenshots@mozilla.org	WARN	Loading extension 'screenshots@mozilla.org': Reading manifest: Invalid extension permission: telemetry
1574992002936	addons.webextension.screenshots@mozilla.org	WARN	Loading extension 'screenshots@mozilla.org': Reading manifest: Invalid extension permission: resource://pdf.js/
1574992002936	addons.webextension.screenshots@mozilla.org	WARN	Loading extension 'screenshots@mozilla.org': Reading manifest: Invalid extension permission: about:reader*
JavaScript error: resource://gre/modules/XULStore.jsm, line 66: Error: Can't find profile directory.
1574992004711	Marionette	INFO	Listening on port 60898
1574992005144	Marionette	WARN	TLS certificate errors will be ignored for this session
[Parent 14444, Gecko_IOThread] WARNING: pipe error: 109: file z:/task_1572401533/build/src/ipc/chromium/src/chrome/common/ipc_channel_win.cc, line 341
[Child 9908, Chrome_ChildThread] WARNING: pipe error: 109: file z:/task_1572401533/build/src/ipc/chromium/src/chrome/common/ipc_channel_win.cc, line 341
[Child 990[Child 17896, Chrome_ChildThread] WARNING: pipe error: 109: file z:/task_1572401533/build/src/ipc/chromium/src/chrome/common/ipc_channel_win.cc, line 341
[Child 17896, Chr1574992019429	Marionette	INFO	Stopped listening on port 60898

###!!! [Child][RunMessage] Error: Channel closing: too late to send/recv, messages will be lost

[1575483993241	mozrunner::runner	INFO	Running command: "C:\\Program Files\\Mozilla Firefox\\firefox.exe" "-marionette" "-foreground" "-no-remote" "-profile" "C:\\Users\\bratd\\AppData\\Local\\Temp\\rust_mozprofilefh6B3M"
1575483993560	addons.webextension.screenshots@mozilla.org	WARN	Loading extension 'screenshots@mozilla.org': Reading manifest: Invalid extension permission: mozillaAddons
1575483993560	addons.webextension.screenshots@mozilla.org	WARN	Loading extension 'screenshots@mozilla.org': Reading manifest: Invalid extension permission: telemetry
1575483993560	addons.webextension.screenshots@mozilla.org	WARN	Loading extension 'screenshots@mozilla.org': Reading manifest: Invalid extension permission: resource://pdf.js/
1575483993560	addons.webextension.screenshots@mozilla.org	WARN	Loading extension 'screenshots@mozilla.org': Reading manifest: Invalid extension permission: about:reader*
JavaScript error: resource://gre/modules/XULStore.jsm, line 66: Error: Can't find profile directory.
1575483994695	Marionette	INFO	Listening on port 63107
1575483994864	Marionette	WARN	TLS certificate errors will be ignored for this session
[Child 23528, Chrome_ChildThread] WARNING: pipe error: 109: file z:/task_1572401533/build/src/ipc/chromium/src/chrome/common/ipc_channel_win.cc, line 341
[Child 23528, Chrome_Chi[Parent 12892, Gecko_IOThread] WARNING: pipe error: 109: file z:/task_1572401533/build/src/ipc/chromium/src/chrome/common/ipc_channel_win.cc, line 341
[Child 24664, Chrome_ChildThread] WARNING: pipe error: 109: file z:/task_1572401533/build/src/ipc/chromium/src/chrome/common/ipc_channel_win.cc, line 341
[Child 24664, Chrome_ChildT1575484010401	Marionette	INFO	Stopped listening on port 63107

###!!! [Child][RunMessage] Error: Channel closing: too late to send/recv, messages will be lost

[
###!!! [Child][MessageChannel::SendAndWait] Error: Channel error: cannot send/recv

n.screenshots@mozilla.org	WARN	Loading extension 'screenshots@mozilla.org': Reading manifest: Invalid extension permission: about:reader*
JavaScript error: resource://gre/modules/XULStore.jsm, line 66: Error: Can't find profile directory.
1575484002905	Marionette	INFO	Listening on port 63179
1575484003395	Marionette	WARN	TLS certificate errors will be ignored for this session
JavaScript error: https://cu-rds.s3.amazonaws.com/rds/1.0.3/rds-core-min.js, line 1: TypeError: s is null
1575484006169	Marionette	WARN	TimedPromise timed out after 500 ms: stacktrace:
bail@chrome://marionette/content/sync.js:237:64
[Parent 25840, Gecko_IOThread] WARNING: pipe error: 109: file z:/task_1572401533/build/src/ipc/chromium/src/chrome/common/ipc_channel_win.cc, line 341
[C[Parent 25840, Gecko_IOThread] WARNING: pipe error: 109: file z:/task_1572401533/build/src/ipc/chromium/src/chrome/common/ipc_channel_win.cc, line 341
hild 23472, Chrome_ChildThread] WARNING: pipe error: 109: file z:/task_1572401533/build/src/ipc/chromium/src/chrome/common/ipc_channel_win.cc, line 341
[Child 23472, Chrome[Child 22856, Chrome_ChildThread] WARNING: pipe error: 109: file z:/task_1572401533/build/src/ipc/chromium/src/chrome/common/ipc_channel_win.cc, line 341
[Child 22856,[Parent 25840, Gecko_IOThread] WARNING: pipe error: 109: file z:/task_1572401533/build/src/ipc/chromium/src/chrome/common/ipc_channel_win.cc, line 341
[Child 23996, Chrome_ChildThread] WARNING: pipe error: 109: file z:/task_1572401533/build/src/ipc/chromium/src/chrome/common/ipc_channel_win.cc, line 341
[Child 23996, Chrome_ChildThread1575484251159	Marionette	INFO	Stopped listening on port 63179
[GPU 24080, Ch
###!!! [Child][MessageChannel::SendAndWait] Error: Channel error: cannot send/recv

/src/ipc/chromium/src/chrome/common/ipc_channel_win.cc, line 341
[Child 20948, C[Parent 8232, Gecko_IOThread] WARNING: pipe error: 109: file z:/task_1572401533/build/src/ipc/chromium/src/chrome/common/ipc_channel_win.cc, line 341
[Child 13012, Chrome_ChildThread] WARNING: pipe error: 109: file z:/task_1572401533/build/src/ipc/chromium/src/chrome/common/ipc_channel_win.cc, line 341
[Child 13012, Chrome_Chi1575484191399	Marionette	INFO	Stopped listening on port 63245

###!!! [Child][MessageChannel::SendAndWait] Error: Channel error: cannot send/recv

